[03-15 11:57:55]: [INFO] Created column 'regdate' and set the current timestamp, 1710503875871, to all 0 rows
[03-15 11:57:55]: [INFO] SQLite Setup finished
[03-15 11:57:55]: [INFO] No supported permissions system found! Permissions are disabled!
[03-15 11:57:56]: [WARN] WARNING! The protectInventory feature requires ProtocolLib! Disabling it...
[03-15 11:57:56]: [INFO] AuthMe 5.6.0-beta2 build n.2453 successfully enabled!
[03-15 11:57:56]: [INFO] Downloading GEO IP database, because the old database is older than 30 days or doesn't exist
[03-15 11:57:56]: [WARN] No MaxMind credentials found in the configuration file! GeoIp protections will be disabled.
[03-15 11:57:56]: [INFO] There is no newer GEO IP database uploaded to MaxMind. Using the old one for now.
[03-15 11:57:56]: [WARN] Could not download GeoLiteAPI database [FileNotFoundException]: plugins/AuthMe/GeoLite2-Country.mmdb (No such file or directory)
[03-15 11:57:56]: java.io.FileNotFoundException: plugins/AuthMe/GeoLite2-Country.mmdb (No such file or directory)
	at java.base/java.io.RandomAccessFile.open0(Native Method)
	at java.base/java.io.RandomAccessFile.open(RandomAccessFile.java:345)
	at java.base/java.io.RandomAccessFile.<init>(RandomAccessFile.java:259)
	at java.base/java.io.RandomAccessFile.<init>(RandomAccessFile.java:214)
	at fr.xephi.authme.libs.com.maxmind.db.BufferHolder.<init>(BufferHolder.java:20)
	at fr.xephi.authme.libs.com.maxmind.db.Reader.<init>(Reader.java:121)
	at fr.xephi.authme.service.GeoIpService.startReading(GeoIpService.java:173)
	at fr.xephi.authme.service.GeoIpService.updateDatabase(GeoIpService.java:144)
	at org.bukkit.craftbukkit.v1_8_R3.scheduler.CraftTask.run(CraftTask.java:59)
	at org.bukkit.craftbukkit.v1_8_R3.scheduler.CraftAsyncTask.run(CraftAsyncTask.java:53)
	at org.github.paperspigot.ServerSchedulerReportingWrapper.run(ServerSchedulerReportingWrapper.java:23)
	at java.base/java.util.concurrent.ThreadPoolExecutor.runWorker(ThreadPoolExecutor.java:1128)
	at java.base/java.util.concurrent.ThreadPoolExecutor$Worker.run(ThreadPoolExecutor.java:628)
	at java.base/java.lang.Thread.run(Thread.java:829)

[03-15 11:58:04]: [INFO] AuthMe 5.6.0-beta2-b2453 disabled!
